<?xml version="1.0" encoding="UTF-8"?>
<testng-results skipped="0" failed="0" total="1" passed="1">
  <reporter-output>
  </reporter-output>
  <suite name="Default suite" duration-ms="6938" started-at="2023-03-12T13:52:09Z" finished-at="2023-03-12T13:52:16Z">
    <groups>
    </groups>
    <test name="Default test" duration-ms="6938" started-at="2023-03-12T13:52:09Z" finished-at="2023-03-12T13:52:16Z">
      <class name="com.obsqura.selenium.DropDownPractice">
        <test-method status="PASS" signature="dropDownTest()[pri:0, instance:com.obsqura.selenium.DropDownPractice@5cb9f472]" name="dropDownTest" is-config="true" duration-ms="6140" started-at="2023-03-12T19:22:09Z" finished-at="2023-03-12T19:22:15Z">
          <reporter-output>
          </reporter-output>
        </test-method> <!-- dropDownTest -->
        <test-method status="PASS" signature="dropDownIndex()[pri:0, instance:com.obsqura.selenium.DropDownPractice@5cb9f472]" name="dropDownIndex" duration-ms="780" started-at="2023-03-12T19:22:15Z" finished-at="2023-03-12T19:22:16Z">
          <reporter-output>
          </reporter-output>
        </test-method> <!-- dropDownIndex -->
      </class> <!-- com.obsqura.selenium.DropDownPractice -->
    </test> <!-- Default test -->
  </suite> <!-- Default suite -->
</testng-results>
