<?xml version="1.0" encoding="UTF-8"?>
<!-- Generated by org.testng.reporters.JUnitXMLReporter -->
<testsuite hostname="LAPTOP-O0AAK5TJ" name="Test" tests="3" failures="1" timestamp="9 Mar 2023 19:45:25 GMT" time="69.141" errors="0">
  <testcase name="dropdown" time="60.806" classname="com.obsqura.selenium.Practice"/>
  <testcase name="calculation" time="4.414" classname="com.obsqura.selenium.Trial"/>
  <testcase name="firstTest" time="3.89" classname="com.obsqura.selenium.Trial">
    <failure type="java.lang.AssertionError" message="expected [Your Message : HELLO WORLD] but found [Your Message : HELO WORLD]">
      <![CDATA[java.lang.AssertionError: expected [Your Message : HELLO WORLD] but found [Your Message : HELO WORLD]
	at com.obsqura.selenium.Trial.firstTest(Trial.java:24)
... Removed 31 stack frames]]>
    </failure>
  </testcase> <!-- firstTest -->
</testsuite> <!-- Test -->
